2023-07-10 23:57:13,790 INFO o.a.j.u.JMeterUtils: Setting Locale to en_EN
2023-07-10 23:57:13,822 INFO o.a.j.JMeter: Loading user properties from: user.properties
2023-07-10 23:57:13,824 INFO o.a.j.JMeter: Loading system properties from: system.properties
2023-07-10 23:57:13,836 INFO o.a.j.JMeter: Copyright (c) 1998-2023 The Apache Software Foundation
2023-07-10 23:57:13,837 INFO o.a.j.JMeter: Version 5.6.1
2023-07-10 23:57:13,837 INFO o.a.j.JMeter: java.version=11.0.12
2023-07-10 23:57:13,837 INFO o.a.j.JMeter: java.vm.name=OpenJDK 64-Bit Server VM
2023-07-10 23:57:13,837 INFO o.a.j.JMeter: os.name=Windows 10
2023-07-10 23:57:13,837 INFO o.a.j.JMeter: os.arch=amd64
2023-07-10 23:57:13,837 INFO o.a.j.JMeter: os.version=10.0
2023-07-10 23:57:13,837 INFO o.a.j.JMeter: file.encoding=Cp1252
2023-07-10 23:57:13,838 INFO o.a.j.JMeter: java.awt.headless=null
2023-07-10 23:57:13,838 INFO o.a.j.JMeter: Max memory     =1073741824
2023-07-10 23:57:13,838 INFO o.a.j.JMeter: Available Processors =8
2023-07-10 23:57:13,852 INFO o.a.j.JMeter: Default Locale=English (EN)
2023-07-10 23:57:13,852 INFO o.a.j.JMeter: JMeter  Locale=English (EN)
2023-07-10 23:57:13,852 INFO o.a.j.JMeter: JMeterHome=C:\SpringProject\apache-jmeter-5.6.1\apache-jmeter-5.6.1
2023-07-10 23:57:13,852 INFO o.a.j.JMeter: user.dir  =C:\SpringProject\apache-jmeter-5.6.1\apache-jmeter-5.6.1\bin
2023-07-10 23:57:13,853 INFO o.a.j.JMeter: PWD       =C:\SpringProject\apache-jmeter-5.6.1\apache-jmeter-5.6.1\bin
2023-07-10 23:57:13,854 INFO o.a.j.JMeter: IP: 192.168.55.53 Name: Minions FullName: Minions
2023-07-10 23:57:13,872 INFO o.a.j.JMeter: Loaded icon properties from org/apache/jmeter/images/icon.properties
2023-07-10 23:57:14,266 INFO o.a.j.JMeterGuiLauncher: Setting LAF to: com.github.weisj.darklaf.DarkLaf:com.github.weisj.darklaf.theme.DarculaTheme
2023-07-10 23:59:14,369 INFO o.a.j.p.h.s.HTTPSamplerBase: Parser for text/html is org.apache.jmeter.protocol.http.parser.LagartoBasedHtmlParser
2023-07-10 23:59:14,370 INFO o.a.j.p.h.s.HTTPSamplerBase: Parser for application/xhtml+xml is org.apache.jmeter.protocol.http.parser.LagartoBasedHtmlParser
2023-07-10 23:59:14,370 INFO o.a.j.p.h.s.HTTPSamplerBase: Parser for application/xml is org.apache.jmeter.protocol.http.parser.LagartoBasedHtmlParser
2023-07-10 23:59:14,370 INFO o.a.j.p.h.s.HTTPSamplerBase: Parser for text/xml is org.apache.jmeter.protocol.http.parser.LagartoBasedHtmlParser
2023-07-10 23:59:14,370 INFO o.a.j.p.h.s.HTTPSamplerBase: Parser for text/vnd.wap.wml is org.apache.jmeter.protocol.http.parser.RegexpHTMLParser
2023-07-10 23:59:14,370 INFO o.a.j.p.h.s.HTTPSamplerBase: Parser for text/css is org.apache.jmeter.protocol.http.parser.CssParser
2023-07-11 00:00:49,580 INFO o.a.j.s.SampleResult: Note: Sample TimeStamps are START times
2023-07-11 00:00:49,581 INFO o.a.j.s.SampleResult: sampleresult.default.encoding is set to UTF-8
2023-07-11 00:00:49,581 INFO o.a.j.s.SampleResult: sampleresult.useNanoTime=true
2023-07-11 00:00:49,581 INFO o.a.j.s.SampleResult: sampleresult.nanoThreadSleep=5000
2023-07-11 00:01:30,301 INFO o.a.j.s.FileServer: Default base='C:\SpringProject\apache-jmeter-5.6.1\apache-jmeter-5.6.1\bin'
2023-07-11 00:01:30,303 INFO o.a.j.s.FileServer: Set new base='C:\SpringProject\apache-jmeter-5.6.1\apache-jmeter-5.6.1\bin'
2023-07-11 00:01:30,553 INFO o.a.j.s.SaveService: Testplan (JMX) version: 2.2. Testlog (JTL) version: 2.2
2023-07-11 00:01:30,578 INFO o.a.j.s.SaveService: Using SaveService properties version 5.0
2023-07-11 00:01:30,581 INFO o.a.j.s.SaveService: Using SaveService properties file encoding UTF-8
2023-07-11 00:01:30,623 INFO o.a.j.e.StandardJMeterEngine: Running the test!
2023-07-11 00:01:30,624 INFO o.a.j.s.SampleEvent: List of sample_variables: []
2023-07-11 00:01:30,624 INFO o.a.j.s.SampleEvent: List of sample_variables: []
2023-07-11 00:01:30,626 INFO o.a.j.e.u.CompoundVariable: Note: Function class names must contain the string: '.functions.'
2023-07-11 00:01:30,626 INFO o.a.j.e.u.CompoundVariable: Note: Function class names must not contain the string: '.gui.'
2023-07-11 00:01:30,960 INFO o.a.j.g.u.JMeterMenuBar: setRunning(true, *local*)
2023-07-11 00:01:31,001 INFO o.a.j.e.StandardJMeterEngine: Starting ThreadGroup: 1 : Thread Group
2023-07-11 00:01:31,002 INFO o.a.j.e.StandardJMeterEngine: Starting 15 threads for group Thread Group.
2023-07-11 00:01:31,002 INFO o.a.j.e.StandardJMeterEngine: Thread will continue on error
2023-07-11 00:01:31,002 INFO o.a.j.t.ThreadGroup: Starting thread group... number=1 threads=15 ramp-up=1 delayedStart=false
2023-07-11 00:01:31,008 INFO o.a.j.t.JMeterThread: Thread started: Thread Group 1-1
2023-07-11 00:01:31,023 INFO o.a.j.t.ThreadGroup: Started thread group number 1
2023-07-11 00:01:31,023 INFO o.a.j.e.StandardJMeterEngine: All thread groups have been started
2023-07-11 00:01:31,034 INFO o.a.j.p.h.s.HTTPHCAbstractImpl: Local host = Minions
2023-07-11 00:01:31,041 INFO o.a.j.p.h.s.HTTPHC4Impl: HTTP request retry count = 0
2023-07-11 00:01:31,075 INFO o.a.j.t.JMeterThread: Thread started: Thread Group 1-2
2023-07-11 00:01:31,140 INFO o.a.j.t.JMeterThread: Thread started: Thread Group 1-3
2023-07-11 00:01:31,207 INFO o.a.j.t.JMeterThread: Thread started: Thread Group 1-4
2023-07-11 00:01:31,273 INFO o.a.j.t.JMeterThread: Thread started: Thread Group 1-5
2023-07-11 00:01:31,339 INFO o.a.j.t.JMeterThread: Thread started: Thread Group 1-6
2023-07-11 00:01:31,407 INFO o.a.j.t.JMeterThread: Thread started: Thread Group 1-7
2023-07-11 00:01:31,475 INFO o.a.j.t.JMeterThread: Thread started: Thread Group 1-8
2023-07-11 00:01:31,509 INFO o.a.j.t.JMeterThread: Thread is done: Thread Group 1-4
2023-07-11 00:01:31,509 INFO o.a.j.t.JMeterThread: Thread is done: Thread Group 1-6
2023-07-11 00:01:31,509 INFO o.a.j.t.JMeterThread: Thread is done: Thread Group 1-1
2023-07-11 00:01:31,509 INFO o.a.j.t.JMeterThread: Thread is done: Thread Group 1-2
2023-07-11 00:01:31,509 INFO o.a.j.t.JMeterThread: Thread finished: Thread Group 1-4
2023-07-11 00:01:31,509 INFO o.a.j.t.JMeterThread: Thread finished: Thread Group 1-6
2023-07-11 00:01:31,509 INFO o.a.j.t.JMeterThread: Thread finished: Thread Group 1-2
2023-07-11 00:01:31,509 INFO o.a.j.t.JMeterThread: Thread is done: Thread Group 1-3
2023-07-11 00:01:31,509 INFO o.a.j.t.JMeterThread: Thread finished: Thread Group 1-1
2023-07-11 00:01:31,509 INFO o.a.j.t.JMeterThread: Thread finished: Thread Group 1-3
2023-07-11 00:01:31,509 INFO o.a.j.t.JMeterThread: Thread is done: Thread Group 1-8
2023-07-11 00:01:31,510 INFO o.a.j.t.JMeterThread: Thread finished: Thread Group 1-8
2023-07-11 00:01:31,541 INFO o.a.j.t.JMeterThread: Thread started: Thread Group 1-9
2023-07-11 00:01:31,552 INFO o.a.j.t.JMeterThread: Thread is done: Thread Group 1-9
2023-07-11 00:01:31,553 INFO o.a.j.t.JMeterThread: Thread finished: Thread Group 1-9
2023-07-11 00:01:31,608 INFO o.a.j.t.JMeterThread: Thread started: Thread Group 1-10
2023-07-11 00:01:31,618 INFO o.a.j.t.JMeterThread: Thread is done: Thread Group 1-10
2023-07-11 00:01:31,619 INFO o.a.j.t.JMeterThread: Thread finished: Thread Group 1-10
2023-07-11 00:01:31,678 INFO o.a.j.t.JMeterThread: Thread started: Thread Group 1-11
2023-07-11 00:01:31,690 INFO o.a.j.t.JMeterThread: Thread is done: Thread Group 1-11
2023-07-11 00:01:31,690 INFO o.a.j.t.JMeterThread: Thread finished: Thread Group 1-11
2023-07-11 00:01:31,747 INFO o.a.j.t.JMeterThread: Thread started: Thread Group 1-12
2023-07-11 00:01:31,762 INFO o.a.j.t.JMeterThread: Thread is done: Thread Group 1-12
2023-07-11 00:01:31,763 INFO o.a.j.t.JMeterThread: Thread finished: Thread Group 1-12
2023-07-11 00:01:31,812 INFO o.a.j.t.JMeterThread: Thread started: Thread Group 1-13
2023-07-11 00:01:31,823 INFO o.a.j.t.JMeterThread: Thread is done: Thread Group 1-13
2023-07-11 00:01:31,823 INFO o.a.j.t.JMeterThread: Thread finished: Thread Group 1-13
2023-07-11 00:01:31,876 INFO o.a.j.t.JMeterThread: Thread started: Thread Group 1-14
2023-07-11 00:01:31,888 INFO o.a.j.t.JMeterThread: Thread is done: Thread Group 1-14
2023-07-11 00:01:31,889 INFO o.a.j.t.JMeterThread: Thread finished: Thread Group 1-14
2023-07-11 00:01:31,943 INFO o.a.j.t.JMeterThread: Thread started: Thread Group 1-15
2023-07-11 00:01:31,957 INFO o.a.j.t.JMeterThread: Thread is done: Thread Group 1-15
2023-07-11 00:01:31,957 INFO o.a.j.t.JMeterThread: Thread finished: Thread Group 1-15
2023-07-11 00:01:32,033 INFO o.a.j.t.JMeterThread: Thread is done: Thread Group 1-5
2023-07-11 00:01:32,033 INFO o.a.j.t.JMeterThread: Thread finished: Thread Group 1-5
2023-07-11 00:01:32,035 INFO o.a.j.t.JMeterThread: Thread is done: Thread Group 1-7
2023-07-11 00:01:32,035 INFO o.a.j.t.JMeterThread: Thread finished: Thread Group 1-7
2023-07-11 00:01:32,036 INFO o.a.j.e.StandardJMeterEngine: Notifying test listeners of end of test
2023-07-11 00:01:32,036 INFO o.a.j.g.u.JMeterMenuBar: setRunning(false, *local*)
2023-07-11 00:04:16,060 INFO o.a.j.e.StandardJMeterEngine: Running the test!
2023-07-11 00:04:16,060 INFO o.a.j.s.SampleEvent: List of sample_variables: []
2023-07-11 00:04:16,061 INFO o.a.j.g.u.JMeterMenuBar: setRunning(true, *local*)
2023-07-11 00:04:16,096 INFO o.a.j.e.StandardJMeterEngine: Starting ThreadGroup: 1 : Thread Group
2023-07-11 00:04:16,097 INFO o.a.j.e.StandardJMeterEngine: Starting 15 threads for group Thread Group.
2023-07-11 00:04:16,097 INFO o.a.j.e.StandardJMeterEngine: Thread will continue on error
2023-07-11 00:04:16,097 INFO o.a.j.t.ThreadGroup: Starting thread group... number=1 threads=15 ramp-up=1 delayedStart=false
2023-07-11 00:04:16,098 INFO o.a.j.t.JMeterThread: Thread started: Thread Group 1-1
2023-07-11 00:04:16,102 INFO o.a.j.t.ThreadGroup: Started thread group number 1
2023-07-11 00:04:16,102 INFO o.a.j.e.StandardJMeterEngine: All thread groups have been started
2023-07-11 00:04:16,164 INFO o.a.j.t.JMeterThread: Thread started: Thread Group 1-2
2023-07-11 00:04:16,232 INFO o.a.j.t.JMeterThread: Thread started: Thread Group 1-3
2023-07-11 00:04:16,299 INFO o.a.j.t.JMeterThread: Thread started: Thread Group 1-4
2023-07-11 00:04:16,365 INFO o.a.j.t.JMeterThread: Thread started: Thread Group 1-5
2023-07-11 00:04:16,377 INFO o.a.j.t.JMeterThread: Thread is done: Thread Group 1-4
2023-07-11 00:04:16,377 INFO o.a.j.t.JMeterThread: Thread is done: Thread Group 1-1
2023-07-11 00:04:16,377 INFO o.a.j.t.JMeterThread: Thread finished: Thread Group 1-4
2023-07-11 00:04:16,378 INFO o.a.j.t.JMeterThread: Thread finished: Thread Group 1-1
2023-07-11 00:04:16,381 INFO o.a.j.t.JMeterThread: Thread is done: Thread Group 1-5
2023-07-11 00:04:16,381 INFO o.a.j.t.JMeterThread: Thread finished: Thread Group 1-5
2023-07-11 00:04:16,434 INFO o.a.j.t.JMeterThread: Thread started: Thread Group 1-6
2023-07-11 00:04:16,444 INFO o.a.j.t.JMeterThread: Thread is done: Thread Group 1-6
2023-07-11 00:04:16,444 INFO o.a.j.t.JMeterThread: Thread finished: Thread Group 1-6
2023-07-11 00:04:16,500 INFO o.a.j.t.JMeterThread: Thread started: Thread Group 1-7
2023-07-11 00:04:16,509 INFO o.a.j.t.JMeterThread: Thread is done: Thread Group 1-7
2023-07-11 00:04:16,509 INFO o.a.j.t.JMeterThread: Thread finished: Thread Group 1-7
2023-07-11 00:04:16,566 INFO o.a.j.t.JMeterThread: Thread started: Thread Group 1-8
2023-07-11 00:04:16,574 INFO o.a.j.t.JMeterThread: Thread is done: Thread Group 1-8
2023-07-11 00:04:16,574 INFO o.a.j.t.JMeterThread: Thread finished: Thread Group 1-8
2023-07-11 00:04:16,634 INFO o.a.j.t.JMeterThread: Thread started: Thread Group 1-9
2023-07-11 00:04:16,644 INFO o.a.j.t.JMeterThread: Thread is done: Thread Group 1-9
2023-07-11 00:04:16,644 INFO o.a.j.t.JMeterThread: Thread finished: Thread Group 1-9
2023-07-11 00:04:16,702 INFO o.a.j.t.JMeterThread: Thread started: Thread Group 1-10
2023-07-11 00:04:16,710 INFO o.a.j.t.JMeterThread: Thread is done: Thread Group 1-10
2023-07-11 00:04:16,710 INFO o.a.j.t.JMeterThread: Thread finished: Thread Group 1-10
2023-07-11 00:04:16,770 INFO o.a.j.t.JMeterThread: Thread started: Thread Group 1-11
2023-07-11 00:04:16,779 INFO o.a.j.t.JMeterThread: Thread is done: Thread Group 1-11
2023-07-11 00:04:16,779 INFO o.a.j.t.JMeterThread: Thread finished: Thread Group 1-11
2023-07-11 00:04:16,811 INFO o.a.j.t.JMeterThread: Thread is done: Thread Group 1-2
2023-07-11 00:04:16,811 INFO o.a.j.t.JMeterThread: Thread finished: Thread Group 1-2
2023-07-11 00:04:16,812 INFO o.a.j.t.JMeterThread: Thread is done: Thread Group 1-3
2023-07-11 00:04:16,812 INFO o.a.j.t.JMeterThread: Thread finished: Thread Group 1-3
2023-07-11 00:04:16,836 INFO o.a.j.t.JMeterThread: Thread started: Thread Group 1-12
2023-07-11 00:04:16,846 INFO o.a.j.t.JMeterThread: Thread is done: Thread Group 1-12
2023-07-11 00:04:16,846 INFO o.a.j.t.JMeterThread: Thread finished: Thread Group 1-12
2023-07-11 00:04:16,902 INFO o.a.j.t.JMeterThread: Thread started: Thread Group 1-13
2023-07-11 00:04:16,914 INFO o.a.j.t.JMeterThread: Thread is done: Thread Group 1-13
2023-07-11 00:04:16,914 INFO o.a.j.t.JMeterThread: Thread finished: Thread Group 1-13
2023-07-11 00:04:16,968 INFO o.a.j.t.JMeterThread: Thread started: Thread Group 1-14
2023-07-11 00:04:16,981 INFO o.a.j.t.JMeterThread: Thread is done: Thread Group 1-14
2023-07-11 00:04:16,982 INFO o.a.j.t.JMeterThread: Thread finished: Thread Group 1-14
2023-07-11 00:04:17,036 INFO o.a.j.t.JMeterThread: Thread started: Thread Group 1-15
2023-07-11 00:04:17,045 INFO o.a.j.t.JMeterThread: Thread is done: Thread Group 1-15
2023-07-11 00:04:17,045 INFO o.a.j.t.JMeterThread: Thread finished: Thread Group 1-15
2023-07-11 00:04:17,047 INFO o.a.j.e.StandardJMeterEngine: Notifying test listeners of end of test
2023-07-11 00:04:17,047 INFO o.a.j.g.u.JMeterMenuBar: setRunning(false, *local*)
2023-07-11 00:07:06,588 INFO o.a.j.e.StandardJMeterEngine: Running the test!
2023-07-11 00:07:06,589 INFO o.a.j.s.SampleEvent: List of sample_variables: []
2023-07-11 00:07:06,589 INFO o.a.j.g.u.JMeterMenuBar: setRunning(true, *local*)
2023-07-11 00:07:06,625 INFO o.a.j.e.StandardJMeterEngine: Starting ThreadGroup: 1 : Thread Group
2023-07-11 00:07:06,625 INFO o.a.j.e.StandardJMeterEngine: Starting 15 threads for group Thread Group.
2023-07-11 00:07:06,626 INFO o.a.j.e.StandardJMeterEngine: Thread will continue on error
2023-07-11 00:07:06,626 INFO o.a.j.t.ThreadGroup: Starting thread group... number=1 threads=15 ramp-up=1 delayedStart=false
2023-07-11 00:07:06,627 INFO o.a.j.t.JMeterThread: Thread started: Thread Group 1-1
2023-07-11 00:07:06,629 INFO o.a.j.t.ThreadGroup: Started thread group number 1
2023-07-11 00:07:06,629 INFO o.a.j.e.StandardJMeterEngine: All thread groups have been started
2023-07-11 00:07:06,686 INFO o.a.j.t.JMeterThread: Thread is done: Thread Group 1-1
2023-07-11 00:07:06,686 INFO o.a.j.t.JMeterThread: Thread finished: Thread Group 1-1
2023-07-11 00:07:06,695 INFO o.a.j.t.JMeterThread: Thread started: Thread Group 1-2
2023-07-11 00:07:06,726 INFO o.a.j.t.JMeterThread: Thread is done: Thread Group 1-2
2023-07-11 00:07:06,726 INFO o.a.j.t.JMeterThread: Thread finished: Thread Group 1-2
2023-07-11 00:07:06,761 INFO o.a.j.t.JMeterThread: Thread started: Thread Group 1-3
2023-07-11 00:07:06,771 INFO o.a.j.t.JMeterThread: Thread is done: Thread Group 1-3
2023-07-11 00:07:06,772 INFO o.a.j.t.JMeterThread: Thread finished: Thread Group 1-3
2023-07-11 00:07:06,829 INFO o.a.j.t.JMeterThread: Thread started: Thread Group 1-4
2023-07-11 00:07:06,844 INFO o.a.j.t.JMeterThread: Thread is done: Thread Group 1-4
2023-07-11 00:07:06,844 INFO o.a.j.t.JMeterThread: Thread finished: Thread Group 1-4
2023-07-11 00:07:06,896 INFO o.a.j.t.JMeterThread: Thread started: Thread Group 1-5
2023-07-11 00:07:06,904 INFO o.a.j.t.JMeterThread: Thread is done: Thread Group 1-5
2023-07-11 00:07:06,904 INFO o.a.j.t.JMeterThread: Thread finished: Thread Group 1-5
2023-07-11 00:07:06,963 INFO o.a.j.t.JMeterThread: Thread started: Thread Group 1-6
2023-07-11 00:07:06,972 INFO o.a.j.t.JMeterThread: Thread is done: Thread Group 1-6
2023-07-11 00:07:06,972 INFO o.a.j.t.JMeterThread: Thread finished: Thread Group 1-6
2023-07-11 00:07:07,030 INFO o.a.j.t.JMeterThread: Thread started: Thread Group 1-7
2023-07-11 00:07:07,036 INFO o.a.j.t.JMeterThread: Thread is done: Thread Group 1-7
2023-07-11 00:07:07,036 INFO o.a.j.t.JMeterThread: Thread finished: Thread Group 1-7
2023-07-11 00:07:07,096 INFO o.a.j.t.JMeterThread: Thread started: Thread Group 1-8
2023-07-11 00:07:07,102 INFO o.a.j.t.JMeterThread: Thread is done: Thread Group 1-8
2023-07-11 00:07:07,102 INFO o.a.j.t.JMeterThread: Thread finished: Thread Group 1-8
2023-07-11 00:07:07,163 INFO o.a.j.t.JMeterThread: Thread started: Thread Group 1-9
2023-07-11 00:07:07,170 INFO o.a.j.t.JMeterThread: Thread is done: Thread Group 1-9
2023-07-11 00:07:07,170 INFO o.a.j.t.JMeterThread: Thread finished: Thread Group 1-9
2023-07-11 00:07:07,230 INFO o.a.j.t.JMeterThread: Thread started: Thread Group 1-10
2023-07-11 00:07:07,236 INFO o.a.j.t.JMeterThread: Thread is done: Thread Group 1-10
2023-07-11 00:07:07,236 INFO o.a.j.t.JMeterThread: Thread finished: Thread Group 1-10
2023-07-11 00:07:07,298 INFO o.a.j.t.JMeterThread: Thread started: Thread Group 1-11
2023-07-11 00:07:07,304 INFO o.a.j.t.JMeterThread: Thread is done: Thread Group 1-11
2023-07-11 00:07:07,304 INFO o.a.j.t.JMeterThread: Thread finished: Thread Group 1-11
2023-07-11 00:07:07,364 INFO o.a.j.t.JMeterThread: Thread started: Thread Group 1-12
2023-07-11 00:07:07,370 INFO o.a.j.t.JMeterThread: Thread is done: Thread Group 1-12
2023-07-11 00:07:07,370 INFO o.a.j.t.JMeterThread: Thread finished: Thread Group 1-12
2023-07-11 00:07:07,431 INFO o.a.j.t.JMeterThread: Thread started: Thread Group 1-13
2023-07-11 00:07:07,441 INFO o.a.j.t.JMeterThread: Thread is done: Thread Group 1-13
2023-07-11 00:07:07,441 INFO o.a.j.t.JMeterThread: Thread finished: Thread Group 1-13
2023-07-11 00:07:07,498 INFO o.a.j.t.JMeterThread: Thread started: Thread Group 1-14
2023-07-11 00:07:07,503 INFO o.a.j.t.JMeterThread: Thread is done: Thread Group 1-14
2023-07-11 00:07:07,504 INFO o.a.j.t.JMeterThread: Thread finished: Thread Group 1-14
2023-07-11 00:07:07,565 INFO o.a.j.t.JMeterThread: Thread started: Thread Group 1-15
2023-07-11 00:07:07,572 INFO o.a.j.t.JMeterThread: Thread is done: Thread Group 1-15
2023-07-11 00:07:07,572 INFO o.a.j.t.JMeterThread: Thread finished: Thread Group 1-15
2023-07-11 00:07:07,573 INFO o.a.j.e.StandardJMeterEngine: Notifying test listeners of end of test
2023-07-11 00:07:07,573 INFO o.a.j.g.u.JMeterMenuBar: setRunning(false, *local*)
